<?xml version="1.0" encoding="UTF-8"?>
<!-- Generated by org.testng.reporters.JUnitReportReporter -->
<testsuite hostname="258-PC" name="runners.TestRunner" tests="12" failures="0" timestamp="8 Dec 2021 16:25:15 GMT" time="84.011" errors="0">
  <testcase name="runScenario" time="4.499" classname="runners.TestRunner"/>
  <testcase name="runScenario" time="4.271" classname="runners.TestRunner"/>
  <testcase name="runScenario" time="4.578" classname="runners.TestRunner"/>
  <testcase name="runScenario" time="9.441" classname="runners.TestRunner"/>
  <testcase name="runScenario" time="4.562" classname="runners.TestRunner"/>
  <testcase name="runScenario" time="19.252" classname="runners.TestRunner"/>
  <testcase name="runScenario" time="5.046" classname="runners.TestRunner"/>
  <testcase name="runScenario" time="5.028" classname="runners.TestRunner"/>
  <testcase name="runScenario" time="5.459" classname="runners.TestRunner"/>
  <testcase name="runScenario" time="4.795" classname="runners.TestRunner"/>
  <testcase name="runScenario" time="12.556" classname="runners.TestRunner"/>
  <testcase name="runScenario" time="4.524" classname="runners.TestRunner"/>
</testsuite> <!-- runners.TestRunner -->
